=== puma startup: 2016-05-09 12:16:25 -0400 ===
/Users/mezad/.rvm/gems/ruby-2.3.0/gems/puma-3.4.0/lib/puma/launcher.rb:130:in `initialize': No such file or directory @ rb_sysopen - /Users/mezad/Desktop/coraleigh/strategic_planning/shared/pids/puma.pid (Errno::ENOENT)
	from /Users/mezad/.rvm/gems/ruby-2.3.0/gems/puma-3.4.0/lib/puma/launcher.rb:130:in `open'
	from /Users/mezad/.rvm/gems/ruby-2.3.0/gems/puma-3.4.0/lib/puma/launcher.rb:130:in `write_pid'
	from /Users/mezad/.rvm/gems/ruby-2.3.0/gems/puma-3.4.0/lib/puma/launcher.rb:105:in `write_state'
	from /Users/mezad/.rvm/gems/ruby-2.3.0/gems/puma-3.4.0/lib/puma/cluster.rb:418:in `run'
	from /Users/mezad/.rvm/gems/ruby-2.3.0/gems/puma-3.4.0/lib/puma/launcher.rb:172:in `run'
	from /Users/mezad/.rvm/gems/ruby-2.3.0/gems/puma-3.4.0/lib/rack/handler/puma.rb:51:in `run'
	from /Users/mezad/.rvm/gems/ruby-2.3.0/gems/rack-1.6.4/lib/rack/server.rb:286:in `start'
	from /Users/mezad/.rvm/gems/ruby-2.3.0/gems/railties-4.2.2/lib/rails/commands/server.rb:80:in `start'
	from /Users/mezad/.rvm/gems/ruby-2.3.0/gems/railties-4.2.2/lib/rails/commands/commands_tasks.rb:80:in `block in server'
	from /Users/mezad/.rvm/gems/ruby-2.3.0/gems/railties-4.2.2/lib/rails/commands/commands_tasks.rb:75:in `tap'
	from /Users/mezad/.rvm/gems/ruby-2.3.0/gems/railties-4.2.2/lib/rails/commands/commands_tasks.rb:75:in `server'
	from /Users/mezad/.rvm/gems/ruby-2.3.0/gems/railties-4.2.2/lib/rails/commands/commands_tasks.rb:39:in `run_command!'
	from /Users/mezad/.rvm/gems/ruby-2.3.0/gems/railties-4.2.2/lib/rails/commands.rb:17:in `<top (required)>'
	from /Users/mezad/Desktop/coraleigh/strategic_planning/bin/rails:9:in `require'
	from /Users/mezad/Desktop/coraleigh/strategic_planning/bin/rails:9:in `<top (required)>'
	from /Users/mezad/.rvm/gems/ruby-2.3.0/gems/spring-1.7.1/lib/spring/client/rails.rb:28:in `load'
	from /Users/mezad/.rvm/gems/ruby-2.3.0/gems/spring-1.7.1/lib/spring/client/rails.rb:28:in `call'
	from /Users/mezad/.rvm/gems/ruby-2.3.0/gems/spring-1.7.1/lib/spring/client/command.rb:7:in `call'
	from /Users/mezad/.rvm/gems/ruby-2.3.0/gems/spring-1.7.1/lib/spring/client.rb:30:in `run'
	from /Users/mezad/.rvm/gems/ruby-2.3.0/gems/spring-1.7.1/bin/spring:49:in `<top (required)>'
	from /Users/mezad/.rvm/gems/ruby-2.3.0/gems/spring-1.7.1/lib/spring/binstub.rb:11:in `load'
	from /Users/mezad/.rvm/gems/ruby-2.3.0/gems/spring-1.7.1/lib/spring/binstub.rb:11:in `<top (required)>'
	from /Users/mezad/Desktop/coraleigh/strategic_planning/bin/spring:13:in `require'
	from /Users/mezad/Desktop/coraleigh/strategic_planning/bin/spring:13:in `<top (required)>'
	from bin/rails:3:in `load'
	from bin/rails:3:in `<main>'
